<?xml version="1.0" encoding="UTF-8"?>
<!-- Generated by org.testng.reporters.JUnitReportReporter -->
<testsuite skipped="0" hostname="DESKTOP-LI8NPUC" name="autotest.ProductManageTest" tests="19" failures="0" timestamp="2020-03-04T18:16:02 ICT" time="3.819" errors="0">
  <testcase name="test1" time="0.177" classname="autotest.ProductManageTest"/>
  <testcase name="test2" time="0.236" classname="autotest.ProductManageTest"/>
  <testcase name="test3" time="0.182" classname="autotest.ProductManageTest"/>
  <testcase name="test4" time="0.180" classname="autotest.ProductManageTest"/>
  <testcase name="test5" time="0.250" classname="autotest.ProductManageTest"/>
  <testcase name="test7" time="0.271" classname="autotest.ProductManageTest"/>
  <testcase name="test8" time="0.346" classname="autotest.ProductManageTest"/>
  <testcase name="test9" time="0.202" classname="autotest.ProductManageTest"/>
  <testcase name="test10" time="0.215" classname="autotest.ProductManageTest"/>
  <testcase name="test11" time="0.236" classname="autotest.ProductManageTest"/>
  <testcase name="test12" time="0.158" classname="autotest.ProductManageTest"/>
  <testcase name="test13" time="0.141" classname="autotest.ProductManageTest"/>
  <testcase name="test14" time="0.168" classname="autotest.ProductManageTest"/>
  <testcase name="test15" time="0.161" classname="autotest.ProductManageTest"/>
  <testcase name="test17" time="0.166" classname="autotest.ProductManageTest"/>
  <testcase name="test18" time="0.184" classname="autotest.ProductManageTest"/>
  <testcase name="test19" time="0.186" classname="autotest.ProductManageTest"/>
  <testcase name="test20" time="0.181" classname="autotest.ProductManageTest"/>
  <testcase name="test21" time="0.179" classname="autotest.ProductManageTest"/>
</testsuite> <!-- autotest.ProductManageTest -->
