<?xml version="1.0" encoding="UTF-8"?>
<!-- Generated by org.testng.reporters.JUnitReportReporter -->
<testsuite skipped="0" hostname="DESKTOP-LI8NPUC" name="autotest.loginTest" tests="6" failures="0" timestamp="2020-04-09T17:40:34 ICT" time="1.358" errors="0">
  <testcase name="test2" time="0.233" classname="autotest.loginTest"/>
  <testcase name="test1" time="0.396" classname="autotest.loginTest"/>
  <testcase name="test4" time="0.196" classname="autotest.loginTest"/>
  <testcase name="test5" time="0.167" classname="autotest.loginTest"/>
  <testcase name="test6" time="0.163" classname="autotest.loginTest"/>
  <testcase name="test3" time="0.203" classname="autotest.loginTest"/>
</testsuite> <!-- autotest.loginTest -->
